<?xml version="1.0" encoding="UTF-8"?>
<testsuite xmlns:xsi="http://www.w3.org/2001/XMLSchema-instance" xsi:noNamespaceSchemaLocation="https://maven.apache.org/surefire/maven-surefire-plugin/xsd/surefire-test-report-3.0.xsd" version="3.0" name="com.ahmedihsan.centroidfinder.BinarizingImageGroupFinderTest" time="0.062" tests="7" errors="0" skipped="0" failures="0">
  <properties>
[...]
</properties>
  <testcase name="testGroupsReturnedInDescendingOrder" classname="com.ahmedihsan.centroidfinder.BinarizingImageGroupFinderTest" time="0.032"/>
  <testcase name="testAllBlackImageReturnsEmptyList" classname="com.ahmedihsan.centroidfinder.BinarizingImageGroupFinderTest" time="0.001"/>
  <testcase name="testDiagonalPixelsAreNotConnected" classname="com.ahmedihsan.centroidfinder.BinarizingImageGroupFinderTest" time="0.001"/>
  <testcase name="testSingleWhitePixelImage" classname="com.ahmedihsan.centroidfinder.BinarizingImageGroupFinderTest" time="0.001"/>
  <testcase name="testNullImageThrowsNullPointerException" classname="com.ahmedihsan.centroidfinder.BinarizingImageGroupFinderTest" time="0.002"/>
  <testcase name="testCoordinateMappingColumnToXRowToY" classname="com.ahmedihsan.centroidfinder.BinarizingImageGroupFinderTest" time="0.0"/>
  <testcase name="testConnectedPixelsFormSingleGroup" classname="com.ahmedihsan.centroidfinder.BinarizingImageGroupFinderTest" time="0.001"/>
</testsuite>