<?xml version="1.0" encoding="UTF-8"?>
<testsuite xmlns:xsi="http://www.w3.org/2001/XMLSchema-instance" xsi:noNamespaceSchemaLocation="https://maven.apache.org/surefire/maven-surefire-plugin/xsd/surefire-test-report-3.0.xsd" version="3.0" name="com.ahmedihsan.centroidfinder.DfsBinaryGroupFinderTest" time="0.018" tests="25" errors="0" skipped="0" failures="0">
  <properties>
[...]
</properties>
  <testcase name="testSingleZeroPixelImage" classname="com.ahmedihsan.centroidfinder.DfsBinaryGroupFinderTest" time="0.001"/>
  <testcase name="testCentroidIntegerDivisionRoundsDown" classname="com.ahmedihsan.centroidfinder.DfsBinaryGroupFinderTest" time="0.0"/>
  <testcase name="testSingleRowDisjointGroups" classname="com.ahmedihsan.centroidfinder.DfsBinaryGroupFinderTest" time="0.0"/>
  <testcase name="testSnakingConnectedGroup" classname="com.ahmedihsan.centroidfinder.DfsBinaryGroupFinderTest" time="0.001"/>
  <testcase name="testAllZerosReturnsEmptyList" classname="com.ahmedihsan.centroidfinder.DfsBinaryGroupFinderTest" time="0.001"/>
  <testcase name="testDiagonalPixelsAreNotConnected" classname="com.ahmedihsan.centroidfinder.DfsBinaryGroupFinderTest" time="0.0"/>
  <testcase name="testMultipleGroupsDescendingOrder" classname="com.ahmedihsan.centroidfinder.DfsBinaryGroupFinderTest" time="0.001"/>
  <testcase name="testSingleRowAllOnes" classname="com.ahmedihsan.centroidfinder.DfsBinaryGroupFinderTest" time="0.0"/>
  <testcase name="testAllOnesIsOneGroup" classname="com.ahmedihsan.centroidfinder.DfsBinaryGroupFinderTest" time="0.001"/>
  <testcase name="testTwoLargeGroupsCorrectlySeparated" classname="com.ahmedihsan.centroidfinder.DfsBinaryGroupFinderTest" time="0.0"/>
  <testcase name="testNullImageThrowsNullPointerException" classname="com.ahmedihsan.centroidfinder.DfsBinaryGroupFinderTest" time="0.001"/>
  <testcase name="testEmptyImageThrowsIllegalArgumentException" classname="com.ahmedihsan.centroidfinder.DfsBinaryGroupFinderTest" time="0.001"/>
  <testcase name="testImageWithInvalidValueThrowsIllegalArgumentException" classname="com.ahmedihsan.centroidfinder.DfsBinaryGroupFinderTest" time="0.0"/>
  <testcase name="testImageWithNegativeValueThrowsIllegalArgumentException" classname="com.ahmedihsan.centroidfinder.DfsBinaryGroupFinderTest" time="0.001"/>
  <testcase name="testCoordinateMappingRowColumnToXY" classname="com.ahmedihsan.centroidfinder.DfsBinaryGroupFinderTest" time="0.0"/>
  <testcase name="testNonRectangularImageThrowsIllegalArgumentException" classname="com.ahmedihsan.centroidfinder.DfsBinaryGroupFinderTest" time="0.001"/>
  <testcase name="testSingleOnePixelImage" classname="com.ahmedihsan.centroidfinder.DfsBinaryGroupFinderTest" time="0.0"/>
  <testcase name="testLShapedGroup" classname="com.ahmedihsan.centroidfinder.DfsBinaryGroupFinderTest" time="0.0"/>
  <testcase name="testHorizontalAndVerticalConnectionsAreConnected" classname="com.ahmedihsan.centroidfinder.DfsBinaryGroupFinderTest" time="0.0"/>
  <testcase name="testSingleColumnAllOnes" classname="com.ahmedihsan.centroidfinder.DfsBinaryGroupFinderTest" time="0.0"/>
  <testcase name="testGroupsSortedDescendingBySize" classname="com.ahmedihsan.centroidfinder.DfsBinaryGroupFinderTest" time="0.0"/>
  <testcase name="testCheckerboardPatternAllDisjoint" classname="com.ahmedihsan.centroidfinder.DfsBinaryGroupFinderTest" time="0.001"/>
  <testcase name="testCentroidIntegerDivisionTruncates" classname="com.ahmedihsan.centroidfinder.DfsBinaryGroupFinderTest" time="0.0"/>
  <testcase name="testNullSubarrayThrowsNullPointerException" classname="com.ahmedihsan.centroidfinder.DfsBinaryGroupFinderTest" time="0.0"/>
  <testcase name="testCentroidTwoByTwoBlock" classname="com.ahmedihsan.centroidfinder.DfsBinaryGroupFinderTest" time="0.001"/>
</testsuite>